Scanning dependencies of target server
[ 16%] Building CXX object CMakeFiles/server.dir/main.cpp.o
In file included from /home/cetc001/Raft/Raft/main.cpp:8:0:
/home/cetc001/Raft/Raft/server.hpp: In member function ‘void Service::sendAlive(uint16_t)’:
/home/cetc001/Raft/Raft/server.hpp:183:39: error: ‘const class google::protobuf::RepeatedPtrField<test::Entry>’ has no member named ‘add_entries’
                 entry = Req.entries().add_entries();
                                       ^
/home/cetc001/Raft/Raft/server.hpp:188:66: error: no match for ‘operator+’ (operand types are ‘boost::chrono::system_clock::time_point {aka boost::chrono::time_point<boost::chrono::system_clock>}’ and ‘std::chrono::milliseconds {aka std::chrono::duration<long int, std::ratio<1l, 1000l> >}’)
             cont.set_deadline(boost::chrono::system_clock::now() + std::chrono::milliseconds(500));
                                                                  ^
In file included from /usr/include/boost/thread/lock_types.hpp:22:0,
                 from /usr/include/boost/thread/pthread/thread_data.hpp:12,
                 from /usr/include/boost/thread/thread_only.hpp:17,
                 from /usr/include/boost/thread/thread.hpp:12,
                 from /home/cetc001/Raft/Raft/main.cpp:7:
/usr/include/boost/chrono/time_point.hpp:260:5: note: candidate: template<class Rep1, class Period1, class Clock, class Duration2> constexpr boost::chrono::time_point<Clock, typename boost::common_type<boost::chrono::duration<Rep, Period>, Duration2>::type> boost::chrono::operator+(const boost::chrono::duration<Rep, Period>&, const boost::chrono::time_point<Clock, Duration2>&)
     operator+(const duration<Rep1, Period1>& lhs,
     ^
/usr/include/boost/chrono/time_point.hpp:260:5: note:   template argument deduction/substitution failed:
In file included from /home/cetc001/Raft/Raft/main.cpp:8:0:
/home/cetc001/Raft/Raft/server.hpp:188:97: note:   ‘boost::chrono::system_clock::time_point {aka boost::chrono::time_point<boost::chrono::system_clock>}’ is not derived from ‘const boost::chrono::duration<Rep, Period>’
             cont.set_deadline(boost::chrono::system_clock::now() + std::chrono::milliseconds(500));
                                                                                                 ^
In file included from /usr/include/boost/thread/lock_types.hpp:22:0,
                 from /usr/include/boost/thread/pthread/thread_data.hpp:12,
                 from /usr/include/boost/thread/thread_only.hpp:17,
                 from /usr/include/boost/thread/thread.hpp:12,
                 from /home/cetc001/Raft/Raft/main.cpp:7:
/usr/include/boost/chrono/time_point.hpp:243:5: note: candidate: template<class Clock, class Duration1, class Rep2, class Period2> constexpr boost::chrono::time_point<Clock, typename boost::common_type<Duration1, boost::chrono::duration<Rep2, Period2> >::type> boost::chrono::operator+(const boost::chrono::time_point<Clock, Duration1>&, const boost::chrono::duration<Rep2, Period2>&)
     operator+(const time_point<Clock, Duration1>& lhs,
     ^
/usr/include/boost/chrono/time_point.hpp:243:5: note:   template argument deduction/substitution failed:
In file included from /home/cetc001/Raft/Raft/main.cpp:8:0:
/home/cetc001/Raft/Raft/server.hpp:188:97: note:   ‘std::chrono::milliseconds {aka std::chrono::duration<long int, std::ratio<1l, 1000l> >}’ is not derived from ‘const boost::chrono::duration<Rep2, Period2>’
             cont.set_deadline(boost::chrono::system_clock::now() + std::chrono::milliseconds(500));
                                                                                                 ^
In file included from /usr/include/boost/chrono/time_point.hpp:33:0,
                 from /usr/include/boost/thread/lock_types.hpp:22,
                 from /usr/include/boost/thread/pthread/thread_data.hpp:12,
                 from /usr/include/boost/thread/thread_only.hpp:17,
                 from /usr/include/boost/thread/thread.hpp:12,
                 from /home/cetc001/Raft/Raft/main.cpp:7:
/usr/include/boost/chrono/duration.hpp:540:5: note: candidate: template<class Rep1, class Period1, class Rep2, class Period2> constexpr typename boost::common_type<boost::chrono::duration<Rep, Period>, boost::chrono::duration<Rep2, Period2> >::type boost::chrono::operator+(const boost::chrono::duration<Rep, Period>&, const boost::chrono::duration<Rep2, Period2>&)
     operator+(const duration<Rep1, Period1>& lhs,
     ^
/usr/include/boost/chrono/duration.hpp:540:5: note:   template argument deduction/substitution failed:
In file included from /home/cetc001/Raft/Raft/main.cpp:8:0:
/home/cetc001/Raft/Raft/server.hpp:188:97: note:   ‘boost::chrono::system_clock::time_point {aka boost::chrono::time_point<boost::chrono::system_clock>}’ is not derived from ‘const boost::chrono::duration<Rep, Period>’
             cont.set_deadline(boost::chrono::system_clock::now() + std::chrono::milliseconds(500));
                                                                                                 ^
In file included from /usr/include/c++/5/mutex:39:0,
                 from /usr/local/include/grpcpp/channel.h:23,
                 from /usr/local/include/grpcpp/grpcpp.h:52,
                 from /home/cetc001/Raft/Raft/main.cpp:4:
/usr/include/c++/5/chrono:626:7: note: candidate: template<class _Rep1, class _Period1, class _Clock, class _Dur2> constexpr std::chrono::time_point<_Clock, typename std::common_type<std::chrono::duration<_Rep1, _Period1>, _Dur2>::type> std::chrono::operator+(const std::chrono::duration<_Rep1, _Period1>&, const std::chrono::time_point<_Clock, _Dur2>&)
       operator+(const duration<_Rep1, _Period1>& __lhs,
       ^
/usr/include/c++/5/chrono:626:7: note:   template argument deduction/substitution failed:
In file included from /home/cetc001/Raft/Raft/main.cpp:8:0:
/home/cetc001/Raft/Raft/server.hpp:188:97: note:   ‘boost::chrono::system_clock::time_point {aka boost::chrono::time_point<boost::chrono::system_clock>}’ is not derived from ‘const std::chrono::duration<_Rep1, _Period1>’
             cont.set_deadline(boost::chrono::system_clock::now() + std::chrono::milliseconds(500));
                                                                                                 ^
In file included from /usr/include/c++/5/mutex:39:0,
                 from /usr/local/include/grpcpp/channel.h:23,
                 from /usr/local/include/grpcpp/grpcpp.h:52,
                 from /home/cetc001/Raft/Raft/main.cpp:4:
/usr/include/c++/5/chrono:613:7: note: candidate: template<class _Clock, class _Dur1, class _Rep2, class _Period2> constexpr std::chrono::time_point<_Clock, typename std::common_type<_Dur1, std::chrono::duration<_Rep2, _Period2> >::type> std::chrono::operator+(const std::chrono::time_point<_Clock, _Duration1>&, const std::chrono::duration<_Rep2, _Period2>&)
       operator+(const time_point<_Clock, _Dur1>& __lhs,
       ^
/usr/include/c++/5/chrono:613:7: note:   template argument deduction/substitution failed:
In file included from /home/cetc001/Raft/Raft/main.cpp:8:0:
/home/cetc001/Raft/Raft/server.hpp:188:97: note:   ‘boost::chrono::system_clock::time_point {aka boost::chrono::time_point<boost::chrono::system_clock>}’ is not derived from ‘const std::chrono::time_point<_Clock, _Duration1>’
             cont.set_deadline(boost::chrono::system_clock::now() + std::chrono::milliseconds(500));
                                                                                                 ^
In file included from /usr/include/c++/5/mutex:39:0,
                 from /usr/local/include/grpcpp/channel.h:23,
                 from /usr/local/include/grpcpp/grpcpp.h:52,
                 from /home/cetc001/Raft/Raft/main.cpp:4:
/usr/include/c++/5/chrono:380:7: note: candidate: template<class _Rep1, class _Period1, class _Rep2, class _Period2> constexpr typename std::common_type<std::chrono::duration<_Rep1, _Period1>, std::chrono::duration<_Rep2, _Period2> >::type std::chrono::operator+(const std::chrono::duration<_Rep1, _Period1>&, const std::chrono::duration<_Rep2, _Period2>&)
       operator+(const duration<_Rep1, _Period1>& __lhs,
       ^
/usr/include/c++/5/chrono:380:7: note:   template argument deduction/substitution failed:
In file included from /home/cetc001/Raft/Raft/main.cpp:8:0:
/home/cetc001/Raft/Raft/server.hpp:188:97: note:   ‘boost::chrono::system_clock::time_point {aka boost::chrono::time_point<boost::chrono::system_clock>}’ is not derived from ‘const std::chrono::duration<_Rep1, _Period1>’
             cont.set_deadline(boost::chrono::system_clock::now() + std::chrono::milliseconds(500));
                                                                                                 ^
In file included from /usr/include/x86_64-linux-gnu/c++/5/bits/stdc++.h:94:0,
                 from /home/cetc001/Raft/Raft/server.hpp:4,
                 from /home/cetc001/Raft/Raft/main.cpp:8:
/usr/include/c++/5/valarray:1167:1: note: candidate: template<class _Tp> std::_Expr<std::_BinClos<std::__plus, std::_Constant, std::_ValArray, _Tp, _Tp>, typename std::__fun<std::__plus, _Tp>::result_type> std::operator+(const _Tp&, const std::valarray<_Tp>&)
 _DEFINE_BINARY_OPERATOR(+, __plus)
 ^
/usr/include/c++/5/valarray:1167:1: note:   template argument deduction/substitution failed:
In file included from /home/cetc001/Raft/Raft/main.cpp:8:0:
/home/cetc001/Raft/Raft/server.hpp:188:97: note:   ‘std::chrono::milliseconds {aka std::chrono::duration<long int, std::ratio<1l, 1000l> >}’ is not derived from ‘const std::valarray<_Tp>’
             cont.set_deadline(boost::chrono::system_clock::now() + std::chrono::milliseconds(500));
                                                                                                 ^
In file included from /usr/include/x86_64-linux-gnu/c++/5/bits/stdc++.h:94:0,
                 from /home/cetc001/Raft/Raft/server.hpp:4,
                 from /home/cetc001/Raft/Raft/main.cpp:8:
/usr/include/c++/5/valarray:1167:1: note: candidate: template<class _Tp> std::_Expr<std::_BinClos<std::__plus, std::_ValArray, std::_Constant, _Tp, _Tp>, typename std::__fun<std::__plus, _Tp>::result_type> std::operator+(const std::valarray<_Tp>&, const _Tp&)
 _DEFINE_BINARY_OPERATOR(+, __plus)
 ^
/usr/include/c++/5/valarray:1167:1: note:   template argument deduction/substitution failed:
In file included from /home/cetc001/Raft/Raft/main.cpp:8:0:
/home/cetc001/Raft/Raft/server.hpp:188:97: note:   ‘boost::chrono::system_clock::time_point {aka boost::chrono::time_point<boost::chrono::system_clock>}’ is not derived from ‘const std::valarray<_Tp>’
             cont.set_deadline(boost::chrono::system_clock::now() + std::chrono::milliseconds(500));
                                                                                                 ^
In file included from /usr/include/x86_64-linux-gnu/c++/5/bits/stdc++.h:94:0,
                 from /home/cetc001/Raft/Raft/server.hpp:4,
                 from /home/cetc001/Raft/Raft/main.cpp:8:
/usr/include/c++/5/valarray:1167:1: note: candidate: template<class _Tp> std::_Expr<std::_BinClos<std::__plus, std::_ValArray, std::_ValArray, _Tp, _Tp>, typename std::__fun<std::__plus, _Tp>::result_type> std::operator+(const std::valarray<_Tp>&, const std::valarray<_Tp>&)
 _DEFINE_BINARY_OPERATOR(+, __plus)
 ^
/usr/include/c++/5/valarray:1167:1: note:   template argument deduction/substitution failed:
In file included from /home/cetc001/Raft/Raft/main.cpp:8:0:
/home/cetc001/Raft/Raft/server.hpp:188:97: note:   ‘boost::chrono::system_clock::time_point {aka boost::chrono::time_point<boost::chrono::system_clock>}’ is not derived from ‘const std::valarray<_Tp>’
             cont.set_deadline(boost::chrono::system_clock::now() + std::chrono::milliseconds(500));
                                                                                                 ^
In file included from /usr/include/c++/5/valarray:587:0,
                 from /usr/include/x86_64-linux-gnu/c++/5/bits/stdc++.h:94,
                 from /home/cetc001/Raft/Raft/server.hpp:4,
                 from /home/cetc001/Raft/Raft/main.cpp:8:
/usr/include/c++/5/bits/valarray_after.h:402:5: note: candidate: template<class _Dom> std::_Expr<std::_BinClos<std::__plus, std::_ValArray, std::_Expr, typename _Dom::value_type, _Dom>, typename std::__fun<std::__plus, typename _Dom1::value_type>::result_type> std::operator+(const std::valarray<typename _Dom::value_type>&, const std::_Expr<_Dom1, typename _Dom1::value_type>&)
     _DEFINE_EXPR_BINARY_OPERATOR(+, __plus)
     ^
/usr/include/c++/5/bits/valarray_after.h:402:5: note:   template argument deduction/substitution failed:
In file included from /home/cetc001/Raft/Raft/main.cpp:8:0:
/home/cetc001/Raft/Raft/server.hpp:188:97: note:   ‘std::chrono::milliseconds {aka std::chrono::duration<long int, std::ratio<1l, 1000l> >}’ is not derived from ‘const std::_Expr<_Dom1, typename _Dom1::value_type>’
             cont.set_deadline(boost::chrono::system_clock::now() + std::chrono::milliseconds(500));
                                                                                                 ^
In file included from /usr/include/c++/5/valarray:587:0,
                 from /usr/include/x86_64-linux-gnu/c++/5/bits/stdc++.h:94,
                 from /home/cetc001/Raft/Raft/server.hpp:4,
                 from /home/cetc001/Raft/Raft/main.cpp:8:
/usr/include/c++/5/bits/valarray_after.h:402:5: note: candidate: template<class _Dom> std::_Expr<std::_BinClos<std::__plus, std::_Expr, std::_ValArray, _Dom, typename _Dom::value_type>, typename std::__fun<std::__plus, typename _Dom1::value_type>::result_type> std::operator+(const std::_Expr<_Dom1, typename _Dom1::value_type>&, const std::valarray<typename _Dom::value_type>&)
     _DEFINE_EXPR_BINARY_OPERATOR(+, __plus)
     ^
/usr/include/c++/5/bits/valarray_after.h:402:5: note:   template argument deduction/substitution failed:
In file included from /home/cetc001/Raft/Raft/main.cpp:8:0:
/home/cetc001/Raft/Raft/server.hpp:188:97: note:   ‘boost::chrono::system_clock::time_point {aka boost::chrono::time_point<boost::chrono::system_clock>}’ is not derived from ‘const std::_Expr<_Dom1, typename _Dom1::value_type>’
             cont.set_deadline(boost::chrono::system_clock::now() + std::chrono::milliseconds(500));
                                                                                                 ^
In file included from /usr/include/c++/5/valarray:587:0,
                 from /usr/include/x86_64-linux-gnu/c++/5/bits/stdc++.h:94,
                 from /home/cetc001/Raft/Raft/server.hpp:4,
                 from /home/cetc001/Raft/Raft/main.cpp:8:
/usr/include/c++/5/bits/valarray_after.h:402:5: note: candidate: template<class _Dom> std::_Expr<std::_BinClos<std::__plus, std::_Constant, std::_Expr, typename _Dom::value_type, _Dom>, typename std::__fun<std::__plus, typename _Dom1::value_type>::result_type> std::operator+(const typename _Dom::value_type&, const std::_Expr<_Dom1, typename _Dom1::value_type>&)
     _DEFINE_EXPR_BINARY_OPERATOR(+, __plus)
     ^
/usr/include/c++/5/bits/valarray_after.h:402:5: note:   template argument deduction/substitution failed:
In file included from /home/cetc001/Raft/Raft/main.cpp:8:0:
/home/cetc001/Raft/Raft/server.hpp:188:97: note:   ‘std::chrono::milliseconds {aka std::chrono::duration<long int, std::ratio<1l, 1000l> >}’ is not derived from ‘const std::_Expr<_Dom1, typename _Dom1::value_type>’
             cont.set_deadline(boost::chrono::system_clock::now() + std::chrono::milliseconds(500));
                                                                                                 ^
In file included from /usr/include/c++/5/valarray:587:0,
                 from /usr/include/x86_64-linux-gnu/c++/5/bits/stdc++.h:94,
                 from /home/cetc001/Raft/Raft/server.hpp:4,
                 from /home/cetc001/Raft/Raft/main.cpp:8:
/usr/include/c++/5/bits/valarray_after.h:402:5: note: candidate: template<class _Dom> std::_Expr<std::_BinClos<std::__plus, std::_Expr, std::_Constant, _Dom, typename _Dom::value_type>, typename std::__fun<std::__plus, typename _Dom1::value_type>::result_type> std::operator+(const std::_Expr<_Dom1, typename _Dom1::value_type>&, const typename _Dom::value_type&)
     _DEFINE_EXPR_BINARY_OPERATOR(+, __plus)
     ^
/usr/include/c++/5/bits/valarray_after.h:402:5: note:   template argument deduction/substitution failed:
In file included from /home/cetc001/Raft/Raft/main.cpp:8:0:
/home/cetc001/Raft/Raft/server.hpp:188:97: note:   ‘boost::chrono::system_clock::time_point {aka boost::chrono::time_point<boost::chrono::system_clock>}’ is not derived from ‘const std::_Expr<_Dom1, typename _Dom1::value_type>’
             cont.set_deadline(boost::chrono::system_clock::now() + std::chrono::milliseconds(500));
                                                                                                 ^
In file included from /usr/include/c++/5/valarray:587:0,
                 from /usr/include/x86_64-linux-gnu/c++/5/bits/stdc++.h:94,
                 from /home/cetc001/Raft/Raft/server.hpp:4,
                 from /home/cetc001/Raft/Raft/main.cpp:8:
/usr/include/c++/5/bits/valarray_after.h:402:5: note: candidate: template<class _Dom1, class _Dom2> std::_Expr<std::_BinClos<std::__plus, std::_Expr, std::_Expr, _Dom1, _Dom2>, typename std::__fun<std::__plus, typename _Dom1::value_type>::result_type> std::operator+(const std::_Expr<_Dom1, typename _Dom1::value_type>&, const std::_Expr<_Dom2, typename _Dom2::value_type>&)
     _DEFINE_EXPR_BINARY_OPERATOR(+, __plus)
     ^
/usr/include/c++/5/bits/valarray_after.h:402:5: note:   template argument deduction/substitution failed:
In file included from /home/cetc001/Raft/Raft/main.cpp:8:0:
/home/cetc001/Raft/Raft/server.hpp:188:97: note:   ‘boost::chrono::system_clock::time_point {aka boost::chrono::time_point<boost::chrono::system_clock>}’ is not derived from ‘const std::_Expr<_Dom1, typename _Dom1::value_type>’
             cont.set_deadline(boost::chrono::system_clock::now() + std::chrono::milliseconds(500));
                                                                                                 ^
In file included from /usr/include/boost/detail/container_fwd.hpp:98:0,
                 from /usr/include/boost/functional/hash/extensions.hpp:22,
                 from /usr/include/boost/functional/hash/hash.hpp:558,
                 from /usr/include/boost/functional/hash.hpp:6,
                 from /usr/include/boost/thread/detail/thread.hpp:38,
                 from /usr/include/boost/thread/thread_only.hpp:22,
                 from /usr/include/boost/thread/thread.hpp:12,
                 from /home/cetc001/Raft/Raft/main.cpp:7:
/usr/include/c++/5/complex:445:5: note: candidate: template<class _Tp> std::complex<_Tp> std::operator+(const std::complex<_Tp>&)
     operator+(const complex<_Tp>& __x)
     ^
/usr/include/c++/5/complex:445:5: note:   template argument deduction/substitution failed:
In file included from /home/cetc001/Raft/Raft/main.cpp:8:0:
/home/cetc001/Raft/Raft/server.hpp:188:97: note:   ‘boost::chrono::system_clock::time_point {aka boost::chrono::time_point<boost::chrono::system_clock>}’ is not derived from ‘const std::complex<_Tp>’
             cont.set_deadline(boost::chrono::system_clock::now() + std::chrono::milliseconds(500));
                                                                                                 ^
In file included from /usr/include/boost/detail/container_fwd.hpp:98:0,
                 from /usr/include/boost/functional/hash/extensions.hpp:22,
                 from /usr/include/boost/functional/hash/hash.hpp:558,
                 from /usr/include/boost/functional/hash.hpp:6,
                 from /usr/include/boost/thread/detail/thread.hpp:38,
                 from /usr/include/boost/thread/thread_only.hpp:22,
                 from /usr/include/boost/thread/thread.hpp:12,
                 from /home/cetc001/Raft/Raft/main.cpp:7:
/usr/include/c++/5/complex:344:5: note: candidate: template<class _Tp> std::complex<_Tp> std::operator+(const _Tp&, const std::complex<_Tp>&)
     operator+(const _Tp& __x, const complex<_Tp>& __y)
     ^
/usr/include/c++/5/complex:344:5: note:   template argument deduction/substitution failed:
In file included from /home/cetc001/Raft/Raft/main.cpp:8:0:
/home/cetc001/Raft/Raft/server.hpp:188:97: note:   ‘std::chrono::milliseconds {aka std::chrono::duration<long int, std::ratio<1l, 1000l> >}’ is not derived from ‘const std::complex<_Tp>’
             cont.set_deadline(boost::chrono::system_clock::now() + std::chrono::milliseconds(500));
                                                                                                 ^
In file included from /usr/include/boost/detail/container_fwd.hpp:98:0,
                 from /usr/include/boost/functional/hash/extensions.hpp:22,
                 from /usr/include/boost/functional/hash/hash.hpp:558,
                 from /usr/include/boost/functional/hash.hpp:6,
                 from /usr/include/boost/thread/detail/thread.hpp:38,
                 from /usr/include/boost/thread/thread_only.hpp:22,
                 from /usr/include/boost/thread/thread.hpp:12,
                 from /home/cetc001/Raft/Raft/main.cpp:7:
/usr/include/c++/5/complex:335:5: note: candidate: template<class _Tp> std::complex<_Tp> std::operator+(const std::complex<_Tp>&, const _Tp&)
     operator+(const complex<_Tp>& __x, const _Tp& __y)
     ^
/usr/include/c++/5/complex:335:5: note:   template argument deduction/substitution failed:
In file included from /home/cetc001/Raft/Raft/main.cpp:8:0:
/home/cetc001/Raft/Raft/server.hpp:188:97: note:   ‘boost::chrono::system_clock::time_point {aka boost::chrono::time_point<boost::chrono::system_clock>}’ is not derived from ‘const std::complex<_Tp>’
             cont.set_deadline(boost::chrono::system_clock::now() + std::chrono::milliseconds(500));
                                                                                                 ^
In file included from /usr/include/boost/detail/container_fwd.hpp:98:0,
                 from /usr/include/boost/functional/hash/extensions.hpp:22,
                 from /usr/include/boost/functional/hash/hash.hpp:558,
                 from /usr/include/boost/functional/hash.hpp:6,
                 from /usr/include/boost/thread/detail/thread.hpp:38,
                 from /usr/include/boost/thread/thread_only.hpp:22,
                 from /usr/include/boost/thread/thread.hpp:12,
                 from /home/cetc001/Raft/Raft/main.cpp:7:
/usr/include/c++/5/complex:326:5: note: candidate: template<class _Tp> std::complex<_Tp> std::operator+(const std::complex<_Tp>&, const std::complex<_Tp>&)
     operator+(const complex<_Tp>& __x, const complex<_Tp>& __y)
     ^
/usr/include/c++/5/complex:326:5: note:   template argument deduction/substitution failed:
In file included from /home/cetc001/Raft/Raft/main.cpp:8:0:
/home/cetc001/Raft/Raft/server.hpp:188:97: note:   ‘boost::chrono::system_clock::time_point {aka boost::chrono::time_point<boost::chrono::system_clock>}’ is not derived from ‘const std::complex<_Tp>’
             cont.set_deadline(boost::chrono::system_clock::now() + std::chrono::milliseconds(500));
                                                                                                 ^
In file included from /usr/include/c++/5/deque:64:0,
                 from /usr/include/boost/detail/container_fwd.hpp:91,
                 from /usr/include/boost/functional/hash/extensions.hpp:22,
                 from /usr/include/boost/functional/hash/hash.hpp:558,
                 from /usr/include/boost/functional/hash.hpp:6,
                 from /usr/include/boost/thread/detail/thread.hpp:38,
                 from /usr/include/boost/thread/thread_only.hpp:22,
                 from /usr/include/boost/thread/thread.hpp:12,
                 from /home/cetc001/Raft/Raft/main.cpp:7:
/usr/include/c++/5/bits/stl_deque.h:372:5: note: candidate: template<class _Tp, class _Ref, class _Ptr> std::_Deque_iterator<_Tp, _Ref, _Ptr> std::operator+(std::ptrdiff_t, const std::_Deque_iterator<_Tp, _Ref, _Ptr>&)
     operator+(ptrdiff_t __n, const _Deque_iterator<_Tp, _Ref, _Ptr>& __x)
     ^
/usr/include/c++/5/bits/stl_deque.h:372:5: note:   template argument deduction/substitution failed:
In file included from /home/cetc001/Raft/Raft/main.cpp:8:0:
/home/cetc001/Raft/Raft/server.hpp:188:63: note:   cannot convert ‘boost::chrono::system_clock::now()’ (type ‘boost::chrono::system_clock::time_point {aka boost::chrono::time_point<boost::chrono::system_clock>}’) to type ‘std::ptrdiff_t {aka long int}’
             cont.set_deadline(boost::chrono::system_clock::now() + std::chrono::milliseconds(500));
                                                               ^
In file included from /usr/include/c++/5/vector:65:0,
                 from /usr/local/include/grpcpp/impl/codegen/client_interceptor.h:23,
                 from /usr/local/include/grpcpp/channel.h:28,
                 from /usr/local/include/grpcpp/grpcpp.h:52,
                 from /home/cetc001/Raft/Raft/main.cpp:4:
/usr/include/c++/5/bits/stl_bvector.h:387:3: note: candidate: std::_Bit_const_iterator std::operator+(std::ptrdiff_t, const std::_Bit_const_iterator&)
   operator+(ptrdiff_t __n, const _Bit_const_iterator& __x)
   ^
/usr/include/c++/5/bits/stl_bvector.h:387:3: note:   no known conversion for argument 1 from ‘boost::chrono::system_clock::time_point {aka boost::chrono::time_point<boost::chrono::system_clock>}’ to ‘std::ptrdiff_t {aka long int}’
/usr/include/c++/5/bits/stl_bvector.h:297:3: note: candidate: std::_Bit_iterator std::operator+(std::ptrdiff_t, const std::_Bit_iterator&)
   operator+(ptrdiff_t __n, const _Bit_iterator& __x)
   ^
/usr/include/c++/5/bits/stl_bvector.h:297:3: note:   no known conversion for argument 1 from ‘boost::chrono::system_clock::time_point {aka boost::chrono::time_point<boost::chrono::system_clock>}’ to ‘std::ptrdiff_t {aka long int}’
In file included from /usr/include/c++/5/string:52:0,
                 from /usr/include/c++/5/bits/locale_classes.h:40,
                 from /usr/include/c++/5/bits/ios_base.h:41,
                 from /usr/include/c++/5/ios:42,
                 from /usr/include/c++/5/ostream:38,
                 from /usr/include/c++/5/iostream:39,
                 from /home/cetc001/Raft/Raft/main.cpp:2:
/usr/include/c++/5/bits/basic_string.h:4890:5: note: candidate: template<class _CharT, class _Traits, class _Alloc> std::__cxx11::basic_string<_CharT, _Traits, _Alloc> std::operator+(std::__cxx11::basic_string<_CharT, _Traits, _Alloc>&&, _CharT)
     operator+(basic_string<_CharT, _Traits, _Alloc>&& __lhs,
     ^
/usr/include/c++/5/bits/basic_string.h:4890:5: note:   template argument deduction/substitution failed:
In file included from /home/cetc001/Raft/Raft/main.cpp:8:0:
/home/cetc001/Raft/Raft/server.hpp:188:97: note:   ‘boost::chrono::system_clock::time_point {aka boost::chrono::time_point<boost::chrono::system_clock>}’ is not derived from ‘std::__cxx11::basic_string<_CharT, _Traits, _Alloc>’
             cont.set_deadline(boost::chrono::system_clock::now() + std::chrono::milliseconds(500));
                                                                                                 ^
In file included from /usr/include/c++/5/string:52:0,
                 from /usr/include/c++/5/bits/locale_classes.h:40,
                 from /usr/include/c++/5/bits/ios_base.h:41,
                 from /usr/include/c++/5/ios:42,
                 from /usr/include/c++/5/ostream:38,
                 from /usr/include/c++/5/iostream:39,
                 from /home/cetc001/Raft/Raft/main.cpp:2:
/usr/include/c++/5/bits/basic_string.h:4884:5: note: candidate: template<class _CharT, class _Traits, class _Alloc> std::__cxx11::basic_string<_CharT, _Traits, _Alloc> std::operator+(std::__cxx11::basic_string<_CharT, _Traits, _Alloc>&&, const _CharT*)
     operator+(basic_string<_CharT, _Traits, _Alloc>&& __lhs,
     ^
/usr/include/c++/5/bits/basic_string.h:4884:5: note:   template argument deduction/substitution failed:
In file included from /home/cetc001/Raft/Raft/main.cpp:8:0:
/home/cetc001/Raft/Raft/server.hpp:188:97: note:   ‘boost::chrono::system_clock::time_point {aka boost::chrono::time_point<boost::chrono::system_clock>}’ is not derived from ‘std::__cxx11::basic_string<_CharT, _Traits, _Alloc>’
             cont.set_deadline(boost::chrono::system_clock::now() + std::chrono::milliseconds(500));
                                                                                                 ^
In file included from /usr/include/c++/5/string:52:0,
                 from /usr/include/c++/5/bits/locale_classes.h:40,
                 from /usr/include/c++/5/bits/ios_base.h:41,
                 from /usr/include/c++/5/ios:42,
                 from /usr/include/c++/5/ostream:38,
                 from /usr/include/c++/5/iostream:39,
                 from /home/cetc001/Raft/Raft/main.cpp:2:
/usr/include/c++/5/bits/basic_string.h:4878:5: note: candidate: template<class _CharT, class _Traits, class _Alloc> std::__cxx11::basic_string<_CharT, _Traits, _Alloc> std::operator+(_CharT, std::__cxx11::basic_string<_CharT, _Traits, _Alloc>&&)
     operator+(_CharT __lhs,
     ^
/usr/include/c++/5/bits/basic_string.h:4878:5: note:   template argument deduction/substitution failed:
In file included from /home/cetc001/Raft/Raft/main.cpp:8:0:
/home/cetc001/Raft/Raft/server.hpp:188:97: note:   ‘std::chrono::milliseconds {aka std::chrono::duration<long int, std::ratio<1l, 1000l> >}’ is not derived from ‘std::__cxx11::basic_string<_CharT, _Traits, _Alloc>’
             cont.set_deadline(boost::chrono::system_clock::now() + std::chrono::milliseconds(500));
                                                                                                 ^
In file included from /usr/include/c++/5/string:52:0,
                 from /usr/include/c++/5/bits/locale_classes.h:40,
                 from /usr/include/c++/5/bits/ios_base.h:41,
                 from /usr/include/c++/5/ios:42,
                 from /usr/include/c++/5/ostream:38,
                 from /usr/include/c++/5/iostream:39,
                 from /home/cetc001/Raft/Raft/main.cpp:2:
/usr/include/c++/5/bits/basic_string.h:4872:5: note: candidate: template<class _CharT, class _Traits, class _Alloc> std::__cxx11::basic_string<_CharT, _Traits, _Alloc> std::operator+(const _CharT*, std::__cxx11::basic_string<_CharT, _Traits, _Alloc>&&)
     operator+(const _CharT* __lhs,
     ^
/usr/include/c++/5/bits/basic_string.h:4872:5: note:   template argument deduction/substitution failed:
In file included from /home/cetc001/Raft/Raft/main.cpp:8:0:
/home/cetc001/Raft/Raft/server.hpp:188:97: note:   mismatched types ‘const _CharT*’ and ‘boost::chrono::time_point<boost::chrono::system_clock>’
             cont.set_deadline(boost::chrono::system_clock::now() + std::chrono::milliseconds(500));
                                                                                                 ^
In file included from /usr/include/c++/5/string:52:0,
                 from /usr/include/c++/5/bits/locale_classes.h:40,
                 from /usr/include/c++/5/bits/ios_base.h:41,
                 from /usr/include/c++/5/ios:42,
                 from /usr/include/c++/5/ostream:38,
                 from /usr/include/c++/5/iostream:39,
                 from /home/cetc001/Raft/Raft/main.cpp:2:
/usr/include/c++/5/bits/basic_string.h:4860:5: note: candidate: template<class _CharT, class _Traits, class _Alloc> std::__cxx11::basic_string<_CharT, _Traits, _Alloc> std::operator+(std::__cxx11::basic_string<_CharT, _Traits, _Alloc>&&, std::__cxx11::basic_string<_CharT, _Traits, _Alloc>&&)
     operator+(basic_string<_CharT, _Traits, _Alloc>&& __lhs,
     ^
/usr/include/c++/5/bits/basic_string.h:4860:5: note:   template argument deduction/substitution failed:
In file included from /home/cetc001/Raft/Raft/main.cpp:8:0:
/home/cetc001/Raft/Raft/server.hpp:188:97: note:   ‘boost::chrono::system_clock::time_point {aka boost::chrono::time_point<boost::chrono::system_clock>}’ is not derived from ‘std::__cxx11::basic_string<_CharT, _Traits, _Alloc>’
             cont.set_deadline(boost::chrono::system_clock::now() + std::chrono::milliseconds(500));
                                                                                                 ^
In file included from /usr/include/c++/5/string:52:0,
                 from /usr/include/c++/5/bits/locale_classes.h:40,
                 from /usr/include/c++/5/bits/ios_base.h:41,
                 from /usr/include/c++/5/ios:42,
                 from /usr/include/c++/5/ostream:38,
                 from /usr/include/c++/5/iostream:39,
                 from /home/cetc001/Raft/Raft/main.cpp:2:
/usr/include/c++/5/bits/basic_string.h:4854:5: note: candidate: template<class _CharT, class _Traits, class _Alloc> std::__cxx11::basic_string<_CharT, _Traits, _Alloc> std::operator+(const std::__cxx11::basic_string<_CharT, _Traits, _Alloc>&, std::__cxx11::basic_string<_CharT, _Traits, _Alloc>&&)
     operator+(const basic_string<_CharT, _Traits, _Alloc>& __lhs,
     ^
/usr/include/c++/5/bits/basic_string.h:4854:5: note:   template argument deduction/substitution failed:
In file included from /home/cetc001/Raft/Raft/main.cpp:8:0:
/home/cetc001/Raft/Raft/server.hpp:188:97: note:   ‘boost::chrono::system_clock::time_point {aka boost::chrono::time_point<boost::chrono::system_clock>}’ is not derived from ‘const std::__cxx11::basic_string<_CharT, _Traits, _Alloc>’
             cont.set_deadline(boost::chrono::system_clock::now() + std::chrono::milliseconds(500));
                                                                                                 ^
In file included from /usr/include/c++/5/string:52:0,
                 from /usr/include/c++/5/bits/locale_classes.h:40,
                 from /usr/include/c++/5/bits/ios_base.h:41,
                 from /usr/include/c++/5/ios:42,
                 from /usr/include/c++/5/ostream:38,
                 from /usr/include/c++/5/iostream:39,
                 from /home/cetc001/Raft/Raft/main.cpp:2:
/usr/include/c++/5/bits/basic_string.h:4848:5: note: candidate: template<class _CharT, class _Traits, class _Alloc> std::__cxx11::basic_string<_CharT, _Traits, _Alloc> std::operator+(std::__cxx11::basic_string<_CharT, _Traits, _Alloc>&&, const std::__cxx11::basic_string<_CharT, _Traits, _Alloc>&)
     operator+(basic_string<_CharT, _Traits, _Alloc>&& __lhs,
     ^
/usr/include/c++/5/bits/basic_string.h:4848:5: note:   template argument deduction/substitution failed:
In file included from /home/cetc001/Raft/Raft/main.cpp:8:0:
/home/cetc001/Raft/Raft/server.hpp:188:97: note:   ‘boost::chrono::system_clock::time_point {aka boost::chrono::time_point<boost::chrono::system_clock>}’ is not derived from ‘std::__cxx11::basic_string<_CharT, _Traits, _Alloc>’
             cont.set_deadline(boost::chrono::system_clock::now() + std::chrono::milliseconds(500));
                                                                                                 ^
In file included from /usr/include/c++/5/string:52:0,
                 from /usr/include/c++/5/bits/locale_classes.h:40,
                 from /usr/include/c++/5/bits/ios_base.h:41,
                 from /usr/include/c++/5/ios:42,
                 from /usr/include/c++/5/ostream:38,
                 from /usr/include/c++/5/iostream:39,
                 from /home/cetc001/Raft/Raft/main.cpp:2:
/usr/include/c++/5/bits/basic_string.h:4836:5: note: candidate: template<class _CharT, class _Traits, class _Alloc> std::__cxx11::basic_string<_CharT, _Traits, _Alloc> std::operator+(const std::__cxx11::basic_string<_CharT, _Traits, _Alloc>&, _CharT)
     operator+(const basic_string<_CharT, _Traits, _Alloc>& __lhs, _CharT __rhs)
     ^
/usr/include/c++/5/bits/basic_string.h:4836:5: note:   template argument deduction/substitution failed:
In file included from /home/cetc001/Raft/Raft/main.cpp:8:0:
/home/cetc001/Raft/Raft/server.hpp:188:97: note:   ‘boost::chrono::system_clock::time_point {aka boost::chrono::time_point<boost::chrono::system_clock>}’ is not derived from ‘const std::__cxx11::basic_string<_CharT, _Traits, _Alloc>’
             cont.set_deadline(boost::chrono::system_clock::now() + std::chrono::milliseconds(500));
                                                                                                 ^
In file included from /usr/include/c++/5/string:52:0,
                 from /usr/include/c++/5/bits/locale_classes.h:40,
                 from /usr/include/c++/5/bits/ios_base.h:41,
                 from /usr/include/c++/5/ios:42,
                 from /usr/include/c++/5/ostream:38,
                 from /usr/include/c++/5/iostream:39,
                 from /home/cetc001/Raft/Raft/main.cpp:2:
/usr/include/c++/5/bits/basic_string.h:4820:5: note: candidate: template<class _CharT, class _Traits, class _Alloc> std::__cxx11::basic_string<_CharT, _Traits, _Alloc> std::operator+(const std::__cxx11::basic_string<_CharT, _Traits, _Alloc>&, const _CharT*)
     operator+(const basic_string<_CharT, _Traits, _Alloc>& __lhs,
     ^
/usr/include/c++/5/bits/basic_string.h:4820:5: note:   template argument deduction/substitution failed:
In file included from /home/cetc001/Raft/Raft/main.cpp:8:0:
/home/cetc001/Raft/Raft/server.hpp:188:97: note:   ‘boost::chrono::system_clock::time_point {aka boost::chrono::time_point<boost::chrono::system_clock>}’ is not derived from ‘const std::__cxx11::basic_string<_CharT, _Traits, _Alloc>’
             cont.set_deadline(boost::chrono::system_clock::now() + std::chrono::milliseconds(500));
                                                                                                 ^
In file included from /usr/include/c++/5/string:53:0,
                 from /usr/include/c++/5/bits/locale_classes.h:40,
                 from /usr/include/c++/5/bits/ios_base.h:41,
                 from /usr/include/c++/5/ios:42,
                 from /usr/include/c++/5/ostream:38,
                 from /usr/include/c++/5/iostream:39,
                 from /home/cetc001/Raft/Raft/main.cpp:2:
/usr/include/c++/5/bits/basic_string.tcc:1167:5: note: candidate: template<class _CharT, class _Traits, class _Alloc> std::__cxx11::basic_string<_CharT, _Traits, _Alloc> std::operator+(_CharT, const std::__cxx11::basic_string<_CharT, _Traits, _Alloc>&)
     operator+(_CharT __lhs, const basic_string<_CharT, _Traits, _Alloc>& __rhs)
     ^
/usr/include/c++/5/bits/basic_string.tcc:1167:5: note:   template argument deduction/substitution failed:
In file included from /home/cetc001/Raft/Raft/main.cpp:8:0:
/home/cetc001/Raft/Raft/server.hpp:188:97: note:   ‘std::chrono::milliseconds {aka std::chrono::duration<long int, std::ratio<1l, 1000l> >}’ is not derived from ‘const std::__cxx11::basic_string<_CharT, _Traits, _Alloc>’
             cont.set_deadline(boost::chrono::system_clock::now() + std::chrono::milliseconds(500));
                                                                                                 ^
In file included from /usr/include/c++/5/string:53:0,
                 from /usr/include/c++/5/bits/locale_classes.h:40,
                 from /usr/include/c++/5/bits/ios_base.h:41,
                 from /usr/include/c++/5/ios:42,
                 from /usr/include/c++/5/ostream:38,
                 from /usr/include/c++/5/iostream:39,
                 from /home/cetc001/Raft/Raft/main.cpp:2:
/usr/include/c++/5/bits/basic_string.tcc:1151:5: note: candidate: template<class _CharT, class _Traits, class _Alloc> std::__cxx11::basic_string<_CharT, _Traits, _Alloc> std::operator+(const _CharT*, const std::__cxx11::basic_string<_CharT, _Traits, _Alloc>&)
     operator+(const _CharT* __lhs,
     ^
/usr/include/c++/5/bits/basic_string.tcc:1151:5: note:   template argument deduction/substitution failed:
In file included from /home/cetc001/Raft/Raft/main.cpp:8:0:
/home/cetc001/Raft/Raft/server.hpp:188:97: note:   mismatched types ‘const _CharT*’ and ‘boost::chrono::time_point<boost::chrono::system_clock>’
             cont.set_deadline(boost::chrono::system_clock::now() + std::chrono::milliseconds(500));
                                                                                                 ^
In file included from /usr/include/c++/5/string:52:0,
                 from /usr/include/c++/5/bits/locale_classes.h:40,
                 from /usr/include/c++/5/bits/ios_base.h:41,
                 from /usr/include/c++/5/ios:42,
                 from /usr/include/c++/5/ostream:38,
                 from /usr/include/c++/5/iostream:39,
                 from /home/cetc001/Raft/Raft/main.cpp:2:
/usr/include/c++/5/bits/basic_string.h:4783:5: note: candidate: template<class _CharT, class _Traits, class _Alloc> std::__cxx11::basic_string<_CharT, _Traits, _Alloc> std::operator+(const std::__cxx11::basic_string<_CharT, _Traits, _Alloc>&, const std::__cxx11::basic_string<_CharT, _Traits, _Alloc>&)
     operator+(const basic_string<_CharT, _Traits, _Alloc>& __lhs,
     ^
/usr/include/c++/5/bits/basic_string.h:4783:5: note:   template argument deduction/substitution failed:
In file included from /home/cetc001/Raft/Raft/main.cpp:8:0:
/home/cetc001/Raft/Raft/server.hpp:188:97: note:   ‘boost::chrono::system_clock::time_point {aka boost::chrono::time_point<boost::chrono::system_clock>}’ is not derived from ‘const std::__cxx11::basic_string<_CharT, _Traits, _Alloc>’
             cont.set_deadline(boost::chrono::system_clock::now() + std::chrono::milliseconds(500));
                                                                                                 ^
In file included from /usr/include/c++/5/bits/stl_algobase.h:67:0,
                 from /usr/include/c++/5/bits/char_traits.h:39,
                 from /usr/include/c++/5/ios:40,
                 from /usr/include/c++/5/ostream:38,
                 from /usr/include/c++/5/iostream:39,
                 from /home/cetc001/Raft/Raft/main.cpp:2:
/usr/include/c++/5/bits/stl_iterator.h:1152:5: note: candidate: template<class _Iterator> std::move_iterator<_Iterator> std::operator+(typename std::move_iterator<_Iterator>::difference_type, const std::move_iterator<_Iterator>&)
     operator+(typename move_iterator<_Iterator>::difference_type __n,
     ^
/usr/include/c++/5/bits/stl_iterator.h:1152:5: note:   template argument deduction/substitution failed:
In file included from /home/cetc001/Raft/Raft/main.cpp:8:0:
/home/cetc001/Raft/Raft/server.hpp:188:97: note:   ‘std::chrono::milliseconds {aka std::chrono::duration<long int, std::ratio<1l, 1000l> >}’ is not derived from ‘const std::move_iterator<_Iterator>’
             cont.set_deadline(boost::chrono::system_clock::now() + std::chrono::milliseconds(500));
                                                                                                 ^
In file included from /usr/include/c++/5/bits/stl_algobase.h:67:0,
                 from /usr/include/c++/5/bits/char_traits.h:39,
                 from /usr/include/c++/5/ios:40,
                 from /usr/include/c++/5/ostream:38,
                 from /usr/include/c++/5/iostream:39,
                 from /home/cetc001/Raft/Raft/main.cpp:2:
/usr/include/c++/5/bits/stl_iterator.h:334:5: note: candidate: template<class _Iterator> std::reverse_iterator<_Iterator> std::operator+(typename std::reverse_iterator<_Iterator>::difference_type, const std::reverse_iterator<_Iterator>&)
     operator+(typename reverse_iterator<_Iterator>::difference_type __n,
     ^
/usr/include/c++/5/bits/stl_iterator.h:334:5: note:   template argument deduction/substitution failed:
In file included from /home/cetc001/Raft/Raft/main.cpp:8:0:
/home/cetc001/Raft/Raft/server.hpp:188:97: note:   ‘std::chrono::milliseconds {aka std::chrono::duration<long int, std::ratio<1l, 1000l> >}’ is not derived from ‘const std::reverse_iterator<_Iterator>’
             cont.set_deadline(boost::chrono::system_clock::now() + std::chrono::milliseconds(500));
                                                                                                 ^
/home/cetc001/Raft/Raft/server.hpp:189:34: error: ‘class test::Vergil::Stub’ has no member named ‘AppendEnties’
             auto status = tmp -> AppendEnties(&cont, Req, &Rep);
                                  ^
/home/cetc001/Raft/Raft/server.hpp: In member function ‘RPCReply Service::append(const AppendEntiresRPC&)’:
/home/cetc001/Raft/Raft/server.hpp:240:13: error: ‘leaderid’ was not declared in this scope
             leaderid = message.leaderId;
             ^
/home/cetc001/Raft/Raft/server.hpp:240:32: error: ‘const struct AppendEntiresRPC’ has no member named ‘leaderId’
             leaderid = message.leaderId;
                                ^
/home/cetc001/Raft/Raft/server.hpp:244:21: error: ‘prevLogIndex’ was not declared in this scope
             if (log[prevLogIndex].term!=prevLogTerm)
                     ^
/home/cetc001/Raft/Raft/server.hpp:244:41: error: ‘prevLogTerm’ was not declared in this scope
             if (log[prevLogIndex].term!=prevLogTerm)
                                         ^
/home/cetc001/Raft/Raft/server.hpp:253:33: error: ‘leaderCommit’ was not declared in this scope
                 commitIndex=min(leaderCommit,log.size()-1);
                                 ^
/home/cetc001/Raft/Raft/server.hpp:253:58: error: ‘min’ was not declared in this scope
                 commitIndex=min(leaderCommit,log.size()-1);
                                                          ^
/home/cetc001/Raft/Raft/server.hpp:253:58: note: suggested alternative:
In file included from /usr/include/c++/5/algorithm:62:0,
                 from /usr/local/include/grpcpp/impl/codegen/string_ref.h:24,
                 from /usr/local/include/grpcpp/impl/codegen/slice.h:24,
                 from /usr/local/include/grpcpp/impl/codegen/byte_buffer.h:27,
                 from /usr/local/include/grpcpp/impl/codegen/interceptor.h:23,
                 from /usr/local/include/grpcpp/impl/codegen/client_interceptor.h:25,
                 from /usr/local/include/grpcpp/channel.h:28,
                 from /usr/local/include/grpcpp/grpcpp.h:52,
                 from /home/cetc001/Raft/Raft/main.cpp:4:
/usr/include/c++/5/bits/stl_algo.h:3451:5: note:   ‘std::min’
     min(initializer_list<_Tp> __l, _Compare __comp)
     ^
In file included from /home/cetc001/Raft/Raft/main.cpp:8:0:
/home/cetc001/Raft/Raft/server.hpp: In member function ‘void Service::LeaderPrepare()’:
/home/cetc001/Raft/Raft/server.hpp:289:45: error: ‘class std::vector<int>’ has no member named ‘push’
             for (int i=0;i<4;i++) nextIndex.push(siz);
                                             ^
/home/cetc001/Raft/Raft/server.hpp:299:24: error: ‘class test::Vergil::Stub’ has no member named ‘TellLeader’
                 tmp -> TellLeader(&cont, Req, &Rep);
                        ^
/home/cetc001/Raft/Raft/server.hpp: In member function ‘void Service::Start(uint16_t)’:
/home/cetc001/Raft/Raft/server.hpp:308:21: error: ‘class ServiceImpl’ has no member named ‘initgetv’
             service.initgetv(std::bind(&Service::GetV, this, std::placeholders::_1));
                     ^
In file included from /home/cetc001/Raft/Raft/main.cpp:9:0:
/home/cetc001/Raft/Raft/External.hpp: At global scope:
/home/cetc001/Raft/Raft/External.hpp:69:57: error: ‘GutRequest’ does not name a type
         Status TellLeader(ServerContext* context, const GutRequest* request,
                                                         ^
/home/cetc001/Raft/Raft/External.hpp:69:16: error: ‘grpc::Status ExternalImpl::TellLeader(grpc::ServerContext*, const int*, external::GetReply*)’ marked ‘override’, but does not override
         Status TellLeader(ServerContext* context, const GutRequest* request,
                ^
/home/cetc001/Raft/Raft/External.hpp: In member function ‘void ExternalImpl::inittell(Func&&)’:
/home/cetc001/Raft/Raft/External.hpp:52:13: error: ‘tellt’ was not declared in this scope
             tellt = std::forward<Func>(f);
             ^
/home/cetc001/Raft/Raft/External.hpp: In member function ‘grpc::Status ExternalImpl::TellLeader(grpc::ServerContext*, const int*, external::GetReply*)’:
/home/cetc001/Raft/Raft/External.hpp:72:30: error: request for member ‘key’ in ‘* request’, which is of non-class type ‘const int’
             Tellt(request -> key());
                              ^
/home/cetc001/Raft/Raft/External.hpp: At global scope:
/home/cetc001/Raft/Raft/External.hpp:83:7: error: redefinition of ‘class external::External’
 class External
       ^
In file included from /home/cetc001/Raft/Raft/server.hpp:7:0,
                 from /home/cetc001/Raft/Raft/main.cpp:8:
/home/cetc001/Raft/Raft/external.grpc.pb.h:32:7: error: previous definition of ‘class external::External’
 class External final {
       ^
CMakeFiles/server.dir/build.make:62: recipe for target 'CMakeFiles/server.dir/main.cpp.o' failed
make[2]: *** [CMakeFiles/server.dir/main.cpp.o] Error 1
CMakeFiles/Makefile2:67: recipe for target 'CMakeFiles/server.dir/all' failed
make[1]: *** [CMakeFiles/server.dir/all] Error 2
Makefile:83: recipe for target 'all' failed
make: *** [all] Error 2
